  ConfigParser.cpp
  Defining YAML_CPP_API for DLL import
C:\Users\User\Desktop\ExpressionParser\Boolean-Expression-Parser-Yaml\ExpressionParser\Include\yaml-cpp\parser.h(85,28): warning C4251: 'YAML::Parser::m_pScanner': class 'std::unique_ptr<YAML::Scanner,std::default_delete<YAML::Scanner>>' needs to have dll-interface to be used by clients of class 'YAML::Parser'
C:\Users\User\Desktop\ExpressionParser\Boolean-Expression-Parser-Yaml\ExpressionParser\Include\yaml-cpp\parser.h(85): message : see declaration of 'std::unique_ptr<YAML::Scanner,std::default_delete<YAML::Scanner>>'
C:\Users\User\Desktop\ExpressionParser\Boolean-Expression-Parser-Yaml\ExpressionParser\Include\yaml-cpp\parser.h(86,31): warning C4251: 'YAML::Parser::m_pDirectives': class 'std::unique_ptr<YAML::Directives,std::default_delete<YAML::Directives>>' needs to have dll-interface to be used by clients of class 'YAML::Parser'
C:\Users\User\Desktop\ExpressionParser\Boolean-Expression-Parser-Yaml\ExpressionParser\Include\yaml-cpp\parser.h(86): message : see declaration of 'std::unique_ptr<YAML::Directives,std::default_delete<YAML::Directives>>'
C:\Users\User\Desktop\ExpressionParser\Boolean-Expression-Parser-Yaml\ExpressionParser\Include\yaml-cpp\binary.h(65,30): warning C4251: 'YAML::Binary::m_data': class 'std::vector<unsigned char,std::allocator<unsigned char>>' needs to have dll-interface to be used by clients of class 'YAML::Binary'
C:\Users\User\Desktop\ExpressionParser\Boolean-Expression-Parser-Yaml\ExpressionParser\Include\yaml-cpp\binary.h(18): message : see declaration of 'std::vector<unsigned char,std::allocator<unsigned char>>'
C:\Users\User\Desktop\ExpressionParser\Boolean-Expression-Parser-Yaml\ExpressionParser\Include\yaml-cpp\ostream_wrapper.h(49,29): warning C4251: 'YAML::ostream_wrapper::m_buffer': class 'std::vector<char,std::allocator<char>>' needs to have dll-interface to be used by clients of class 'YAML::ostream_wrapper'
C:\Users\User\Desktop\ExpressionParser\Boolean-Expression-Parser-Yaml\ExpressionParser\Include\yaml-cpp\ostream_wrapper.h(49): message : see declaration of 'std::vector<char,std::allocator<char>>'
C:\Users\User\Desktop\ExpressionParser\Boolean-Expression-Parser-Yaml\ExpressionParser\Include\yaml-cpp\emitter.h(132,33): warning C4251: 'YAML::Emitter::m_pState': class 'std::unique_ptr<YAML::EmitterState,std::default_delete<YAML::EmitterState>>' needs to have dll-interface to be used by clients of class 'YAML::Emitter'
C:\Users\User\Desktop\ExpressionParser\Boolean-Expression-Parser-Yaml\ExpressionParser\Include\yaml-cpp\emitter.h(132): message : see declaration of 'std::unique_ptr<YAML::EmitterState,std::default_delete<YAML::EmitterState>>'
C:\Users\User\Desktop\ExpressionParser\Boolean-Expression-Parser-Yaml\ExpressionParser\Include\yaml-cpp\exceptions.h(153,58): warning C4275: non dll-interface class 'std::runtime_error' used as base for dll-interface class 'YAML::Exception'
C:\Program Files (x86)\Microsoft Visual Studio\2019\Professional\VC\Tools\MSVC\14.29.30133\include\stdexcept(107): message : see declaration of 'std::runtime_error'
C:\Users\User\Desktop\ExpressionParser\Boolean-Expression-Parser-Yaml\ExpressionParser\Include\yaml-cpp\exceptions.h(153): message : see declaration of 'YAML::Exception'
C:\Users\User\Desktop\ExpressionParser\Boolean-Expression-Parser-Yaml\ExpressionParser\Include\yaml-cpp\exceptions.h(162,15): warning C4251: 'YAML::Exception::msg': class 'std::basic_string<char,std::char_traits<char>,std::allocator<char>>' needs to have dll-interface to be used by clients of class 'YAML::Exception'
C:\Program Files (x86)\Microsoft Visual Studio\2019\Professional\VC\Tools\MSVC\14.29.30133\include\xstring(4905): message : see declaration of 'std::basic_string<char,std::char_traits<char>,std::allocator<char>>'
C:\Users\User\Desktop\ExpressionParser\Boolean-Expression-Parser-Yaml\ExpressionParser\Include\yaml-cpp\node\node.h(135,15): warning C4251: 'YAML::Node::m_invalidKey': class 'std::basic_string<char,std::char_traits<char>,std::allocator<char>>' needs to have dll-interface to be used by clients of class 'YAML::Node'
C:\Program Files (x86)\Microsoft Visual Studio\2019\Professional\VC\Tools\MSVC\14.29.30133\include\xstring(4905): message : see declaration of 'std::basic_string<char,std::char_traits<char>,std::allocator<char>>'
C:\Users\User\Desktop\ExpressionParser\Boolean-Expression-Parser-Yaml\ExpressionParser\Include\yaml-cpp\node\node.h(136,40): warning C4251: 'YAML::Node::m_pMemory': class 'std::shared_ptr<YAML::detail::memory_holder>' needs to have dll-interface to be used by clients of class 'YAML::Node'
C:\Users\User\Desktop\ExpressionParser\Boolean-Expression-Parser-Yaml\ExpressionParser\Include\yaml-cpp\node\ptr.h(24): message : see declaration of 'std::shared_ptr<YAML::detail::memory_holder>'
C:\Users\User\Desktop\ExpressionParser\Boolean-Expression-Parser-Yaml\ExpressionParser\Include\yaml-cpp\node\detail\memory.h(31,9): warning C4251: 'YAML::detail::memory::m_nodes': class 'std::set<YAML::detail::shared_node,std::less<YAML::detail::shared_node>,std::allocator<YAML::detail::shared_node>>' needs to have dll-interface to be used by clients of class 'YAML::detail::memory'
C:\Users\User\Desktop\ExpressionParser\Boolean-Expression-Parser-Yaml\ExpressionParser\Include\yaml-cpp\node\detail\memory.h(30): message : see declaration of 'std::set<YAML::detail::shared_node,std::less<YAML::detail::shared_node>,std::allocator<YAML::detail::shared_node>>'
C:\Users\User\Desktop\ExpressionParser\Boolean-Expression-Parser-Yaml\ExpressionParser\Include\yaml-cpp\node\detail\memory.h(42,17): warning C4251: 'YAML::detail::memory_holder::m_pMemory': class 'std::shared_ptr<YAML::detail::memory>' needs to have dll-interface to be used by clients of class 'YAML::detail::memory_holder'
C:\Users\User\Desktop\ExpressionParser\Boolean-Expression-Parser-Yaml\ExpressionParser\Include\yaml-cpp\node\ptr.h(25): message : see declaration of 'std::shared_ptr<YAML::detail::memory>'
C:\Users\User\Desktop\ExpressionParser\Boolean-Expression-Parser-Yaml\ExpressionParser\Include\yaml-cpp\node\detail\node_data.h(104,15): warning C4251: 'YAML::detail::node_data::m_tag': class 'std::basic_string<char,std::char_traits<char>,std::allocator<char>>' needs to have dll-interface to be used by clients of class 'YAML::detail::node_data'
C:\Program Files (x86)\Microsoft Visual Studio\2019\Professional\VC\Tools\MSVC\14.29.30133\include\xstring(4905): message : see declaration of 'std::basic_string<char,std::char_traits<char>,std::allocator<char>>'
C:\Users\User\Desktop\ExpressionParser\Boolean-Expression-Parser-Yaml\ExpressionParser\Include\yaml-cpp\node\detail\node_data.h(108,15): warning C4251: 'YAML::detail::node_data::m_scalar': class 'std::basic_string<char,std::char_traits<char>,std::allocator<char>>' needs to have dll-interface to be used by clients of class 'YAML::detail::node_data'
C:\Program Files (x86)\Microsoft Visual Studio\2019\Professional\VC\Tools\MSVC\14.29.30133\include\xstring(4905): message : see declaration of 'std::basic_string<char,std::char_traits<char>,std::allocator<char>>'
C:\Users\User\Desktop\ExpressionParser\Boolean-Expression-Parser-Yaml\ExpressionParser\Include\yaml-cpp\node\detail\node_data.h(112,12): warning C4251: 'YAML::detail::node_data::m_sequence': class 'std::vector<YAML::detail::node *,std::allocator<YAML::detail::node *>>' needs to have dll-interface to be used by clients of class 'YAML::detail::node_data'
C:\Users\User\Desktop\ExpressionParser\Boolean-Expression-Parser-Yaml\ExpressionParser\Include\yaml-cpp\node\detail\node_iterator.h(39): message : see declaration of 'std::vector<YAML::detail::node *,std::allocator<YAML::detail::node *>>'
C:\Users\User\Desktop\ExpressionParser\Boolean-Expression-Parser-Yaml\ExpressionParser\Include\yaml-cpp\node\detail\node_data.h(118,12): warning C4251: 'YAML::detail::node_data::m_map': class 'std::vector<std::pair<YAML::detail::node *,YAML::detail::node *>,std::allocator<std::pair<YAML::detail::node *,YAML::detail::node *>>>' needs to have dll-interface to be used by clients of class 'YAML::detail::node_data'
C:\Users\User\Desktop\ExpressionParser\Boolean-Expression-Parser-Yaml\ExpressionParser\Include\yaml-cpp\node\detail\node_iterator.h(40): message : see declaration of 'std::vector<std::pair<YAML::detail::node *,YAML::detail::node *>,std::allocator<std::pair<YAML::detail::node *,YAML::detail::node *>>>'
C:\Users\User\Desktop\ExpressionParser\Boolean-Expression-Parser-Yaml\ExpressionParser\Include\yaml-cpp\node\detail\node_data.h(122,20): warning C4251: 'YAML::detail::node_data::m_undefinedPairs': class 'std::list<YAML::detail::node_data::kv_pair,std::allocator<std::pair<YAML::detail::node *,YAML::detail::node *>>>' needs to have dll-interface to be used by clients of class 'YAML::detail::node_data'
C:\Users\User\Desktop\ExpressionParser\Boolean-Expression-Parser-Yaml\ExpressionParser\Include\yaml-cpp\node\detail\node_data.h(121): message : see declaration of 'std::list<YAML::detail::node_data::kv_pair,std::allocator<std::pair<YAML::detail::node *,YAML::detail::node *>>>'
  main.cpp
  Generating Code...
  ExpressionParser.vcxproj -> C:\Users\User\Desktop\ExpressionParser\Boolean-Expression-Parser-Yaml\ExpressionParser\Debug\ExpressionParser.exe
